<?xml version="1.0" encoding="UTF-8"?>

<mule xmlns:sap="http://www.mulesoft.org/schema/mule/sap" 
xmlns:wd-hr="http://www.mulesoft.org/schema/mule/wd-hr" 
xmlns:data-mapper="http://www.mulesoft.org/schema/mule/ee/data-mapper" 
xmlns="http://www.mulesoft.org/schema/mule/core" 
xmlns:doc="http://www.mulesoft.org/schema/mule/documentation"
xmlns:spring="http://www.springframework.org/schema/beans" version="EE-3.6.0"
xmlns:xsi="http://www.w3.org/2001/XMLSchema-instance"
xsi:schemaLocation="http://www.springframework.org/schema/beans http://www.springframework.org/schema/beans/spring-beans-current.xsd
http://www.mulesoft.org/schema/mule/core http://www.mulesoft.org/schema/mule/core/current/mule.xsd
http://www.mulesoft.org/schema/mule/ee/data-mapper http://www.mulesoft.org/schema/mule/ee/data-mapper/current/mule-data-mapper.xsd
http://www.mulesoft.org/schema/mule/wd-hr http://www.mulesoft.org/schema/mule/wd-hr/current/mule-wd-hr.xsd
http://www.mulesoft.org/schema/mule/sap http://www.mulesoft.org/schema/mule/sap/current/mule-sap.xsd">

    
    <data-mapper:config name="User_To_Contact" transformationGraphPath="user_to_maintaincontactinformationforpersoneventrequesttype.grf" doc:name="DataMapper"/>
    <data-mapper:config name="Map_To_WorkdayAccountForWorkerUpdateType" transformationGraphPath="map_to_workdayaccountforworkerupdatetype.grf" doc:name="Map_To_WorkdayAccountForWorkerUpdateType"/>
    <data-mapper:config name="Pojo_To_ChangeLegalNameRequestType" transformationGraphPath="pojo_to_changelegalnamerequesttype.grf" doc:name="Pojo_To_ChangeLegalNameRequestType"/>
    <data-mapper:config name="Map_To_XML" transformationGraphPath="map_to_xml.grf" doc:name="Map_To_XML"/>
    <sub-flow name="getSAPEmployeeByEmail" >
        <sap:outbound-endpoint connector-ref="SAP" type="function" exchange-pattern="request-response" functionName="BAPI_EMPLOYEE_GETDATA" xmlVersion="2" outputXml="true" responseTimeout="10000" doc:name="Query for Employee">
            <sap:definition><![CDATA[<BAPI_EMPLOYEE_GETDATA>
  	<import>	
		<USERID>#["*" + payload.toUpperCase() + "*"]</USERID> 		
	</import>
</BAPI_EMPLOYEE_GETDATA>]]></sap:definition>


    	</sap:outbound-endpoint>
    	<data-mapper:transform config-ref="XML_To_Map" doc:name="XML To Map"/>
        <logger message="sap search (email): #[payload]" level="INFO" doc:name="Logger"/>

    </sub-flow>
    <sub-flow name="getSAPEmployeeByName" >
        <sap:outbound-endpoint connector-ref="SAP" type="function" exchange-pattern="request-response" functionName="BAPI_EMPLOYEE_GETDATA" xmlVersion="2" outputXml="true" responseTimeout="10000" doc:name="Query for Employee">
            <sap:definition><![CDATA[
					<BAPI_EMPLOYEE_GETDATA>
					  	<import>	
							<FSTNAME_M>#[payload['firstName'].toUpperCase()]</FSTNAME_M>   
							<LASTNAME_M>#[payload['lastName'].toUpperCase()]</LASTNAME_M>
						</import>
					</BAPI_EMPLOYEE_GETDATA>]]></sap:definition>


       </sap:outbound-endpoint>
        <data-mapper:transform config-ref="XML_To_Map" doc:name="XML To Map"/>
        <logger message="sap search (name): #[payload]" level="INFO" doc:name="Logger"/>

    </sub-flow>

	
    
    <sub-flow name="updateWorkdayEmployeeEmail" >
        <data-mapper:transform doc:name="Map to Maintain Contact" config-ref="User_To_Contact">
            <data-mapper:input-arguments>
                <data-mapper:input-argument key="EffectiveDate">#[new java.util.Date()]</data-mapper:input-argument>
            </data-mapper:input-arguments>
        </data-mapper:transform>
        <wd-hr:maintain-contact-information config-ref="Workday_Human_Resource" doc:name="Workday Human Resource"/>

    </sub-flow>
    <sub-flow name="updateWorkdayEmployeeName" >
        <data-mapper:transform config-ref="Pojo_To_ChangeLegalNameRequestType" doc:name="Pojo To ChangeLegalNameRequestType"/>
        <wd-hr:change-legal-name config-ref="Workday_Human_Resource" doc:name="Workday Human Resource"/>
        <logger message="Worker name updated!" level="INFO" doc:name="Logger"/>
    </sub-flow>
    <sub-flow name="terminateSAPEmployee" >
        <data-mapper:transform config-ref="Map_To_XML" doc:name="Map To XML">
        	<data-mapper:input-arguments >
                <data-mapper:input-argument key="sys_user">${sap.jco.user}</data-mapper:input-argument>
                <data-mapper:input-argument key="currentDate">#[new java.util.Date()]</data-mapper:input-argument>

        	</data-mapper:input-arguments>
        </data-mapper:transform>
        <sap:outbound-endpoint  connector-ref="SAP" type="function" functionName="BAPI_HRMASTER_SAVE_REPL_MULT" xmlVersion="2" outputXml="true" responseTimeout="10000" doc:name="SAP" exchange-pattern="request-response"/>
        <logger message="sap terminate employee: #[payload]" level="INFO" doc:name="Logger"/>
    </sub-flow>
    
</mule>
